# JRE version: OpenJDK Runtime Environment Temurin-21.0.7+6 (21.0.7+6) (build 21.0.7+6-LTS)
# Java VM: OpenJDK 64-Bit Server VM Temurin-21.0.7+6 (21.0.7+6-LTS, mixed mode, sharing, tiered, compressed oops, compressed class ptrs, parallel gc, windows-amd64)
GC Precious Log:
 CardTable entry size: 512
 CPUs: 8 total, 8 available
 Memory: 32551M
 Large Page Support: Disabled
 NUMA Support: Disabled
 Compressed Oops: Enabled (32-bit)
 Alignments: Space 512K, Generation 512K, Heap 2M
 Heap Min Capacity: 100M
 Heap Initial Capacity: 100M
 Heap Max Capacity: 1G
 Pre-touch: Disabled
 Parallel Workers: 8
Heap:
 PSYoungGen      total 15872K, used 7856K [0x00000000eab00000, 0x00000000ebd00000, 0x0000000100000000)
  eden space 15360K, 51% used [0x00000000eab00000,0x00000000eb2ac000,0x00000000eba00000)
  from space 512K, 0% used [0x00000000ebb80000,0x00000000ebb80000,0x00000000ebc00000)
  to   space 1536K, 0% used [0x00000000eba00000,0x00000000eba00000,0x00000000ebb80000)
 ParOldGen       total 83456K, used 65212K [0x00000000c0000000, 0x00000000c5180000, 0x00000000eab00000)
  object space 83456K, 78% used [0x00000000c0000000,0x00000000c3faf018,0x00000000c5180000)
 Metaspace       used 59067K, committed 60480K, reserved 1114112K
  class space    used 6196K, committed 6848K, reserved 1048576K
GC Heap History (20 events):
Event: 6.899 GC heap before
{Heap before GC invocations=82 (full 2):
 PSYoungGen      total 15872K, used 15808K [0x00000000eab00000, 0x00000000ebd80000, 0x0000000100000000)
  eden space 15360K, 100% used [0x00000000eab00000,0x00000000eba00000,0x00000000eba00000)
  from space 512K, 87% used [0x00000000ebc80000,0x00000000ebcf0000,0x00000000ebd00000)
  to   space 512K, 0% used [0x00000000ebd00000,0x00000000ebd00000,0x00000000ebd80000)
 ParOldGen       total 78336K, used 78280K [0x00000000c0000000, 0x00000000c4c80000, 0x00000000eab00000)
  object space 78336K, 99% used [0x00000000c0000000,0x00000000c4c72068,0x00000000c4c80000)
 Metaspace       used 53948K, committed 55296K, reserved 1114112K
  class space    used 5607K, committed 6208K, reserved 1048576K
}
Event: 6.901 GC heap after
{Heap after GC invocations=82 (full 2):
 PSYoungGen      total 15872K, used 512K [0x00000000eab00000, 0x00000000ebd80000, 0x0000000100000000)
  eden space 15360K, 0% used [0x00000000eab00000,0x00000000eab00000,0x00000000eba00000)
  from space 512K, 100% used [0x00000000ebd00000,0x00000000ebd80000,0x00000000ebd80000)
  to   space 1024K, 0% used [0x00000000ebb80000,0x00000000ebb80000,0x00000000ebc80000)
 ParOldGen       total 78848K, used 78624K [0x00000000c0000000, 0x00000000c4d00000, 0x00000000eab00000)
  object space 78848K, 99% used [0x00000000c0000000,0x00000000c4cc8068,0x00000000c4d00000)
 Metaspace       used 53948K, committed 55296K, reserved 1114112K
  class space    used 5607K, committed 6208K, reserved 1048576K
}
Event: 6.923 GC heap before
{Heap before GC invocations=83 (full 2):
 PSYoungGen      total 15872K, used 15872K [0x00000000eab00000, 0x00000000ebd80000, 0x0000000100000000)
  eden space 15360K, 100% used [0x00000000eab00000,0x00000000eba00000,0x00000000eba00000)
  from space 512K, 100% used [0x00000000ebd00000,0x00000000ebd80000,0x00000000ebd80000)
  to   space 1024K, 0% used [0x00000000ebb80000,0x00000000ebb80000,0x00000000ebc80000)
 ParOldGen       total 78848K, used 78624K [0x00000000c0000000, 0x00000000c4d00000, 0x00000000eab00000)
  object space 78848K, 99% used [0x00000000c0000000,0x00000000c4cc8068,0x00000000c4d00000)
 Metaspace       used 53949K, committed 55296K, reserved 1114112K
  class space    used 5607K, committed 6208K, reserved 1048576K
}
Event: 6.924 GC heap after
{Heap after GC invocations=83 (full 2):
 PSYoungGen      total 16384K, used 448K [0x00000000eab00000, 0x00000000ebd80000, 0x0000000100000000)
  eden space 15360K, 0% used [0x00000000eab00000,0x00000000eab00000,0x00000000eba00000)
  from space 1024K, 43% used [0x00000000ebb80000,0x00000000ebbf0000,0x00000000ebc80000)
  to   space 1024K, 0% used [0x00000000ebc80000,0x00000000ebc80000,0x00000000ebd80000)
 ParOldGen       total 79360K, used 79024K [0x00000000c0000000, 0x00000000c4d80000, 0x00000000eab00000)
  object space 79360K, 99% used [0x00000000c0000000,0x00000000c4d2c068,0x00000000c4d80000)
 Metaspace       used 53949K, committed 55296K, reserved 1114112K
  class space    used 5607K, committed 6208K, reserved 1048576K
}
Event: 6.944 GC heap before
{Heap before GC invocations=84 (full 2):
 PSYoungGen      total 16384K, used 15808K [0x00000000eab00000, 0x00000000ebd80000, 0x0000000100000000)
  eden space 15360K, 100% used [0x00000000eab00000,0x00000000eba00000,0x00000000eba00000)
  from space 1024K, 43% used [0x00000000ebb80000,0x00000000ebbf0000,0x00000000ebc80000)
  to   space 1024K, 0% used [0x00000000ebc80000,0x00000000ebc80000,0x00000000ebd80000)
 ParOldGen       total 79360K, used 79024K [0x00000000c0000000, 0x00000000c4d80000, 0x00000000eab00000)
  object space 79360K, 99% used [0x00000000c0000000,0x00000000c4d2c068,0x00000000c4d80000)
 Metaspace       used 53953K, committed 55296K, reserved 1114112K
  class space    used 5607K, committed 6208K, reserved 1048576K
}
Event: 6.944 GC heap after
{Heap after GC invocations=84 (full 2):
 PSYoungGen      total 16384K, used 546K [0x00000000eab00000, 0x00000000ebd80000, 0x0000000100000000)
  eden space 15360K, 0% used [0x00000000eab00000,0x00000000eab00000,0x00000000eba00000)
  from space 1024K, 53% used [0x00000000ebc80000,0x00000000ebd08800,0x00000000ebd80000)
  to   space 1024K, 0% used [0x00000000ebb80000,0x00000000ebb80000,0x00000000ebc80000)
 ParOldGen       total 79360K, used 79336K [0x00000000c0000000, 0x00000000c4d80000, 0x00000000eab00000)
  object space 79360K, 99% used [0x00000000c0000000,0x00000000c4d7a068,0x00000000c4d80000)
 Metaspace       used 53953K, committed 55296K, reserved 1114112K
  class space    used 5607K, committed 6208K, reserved 1048576K
}
Event: 6.964 GC heap before
{Heap before GC invocations=85 (full 2):
 PSYoungGen      total 16384K, used 15906K [0x00000000eab00000, 0x00000000ebd80000, 0x0000000100000000)
  eden space 15360K, 100% used [0x00000000eab00000,0x00000000eba00000,0x00000000eba00000)
  from space 1024K, 53% used [0x00000000ebc80000,0x00000000ebd08800,0x00000000ebd80000)
  to   space 1024K, 0% used [0x00000000ebb80000,0x00000000ebb80000,0x00000000ebc80000)
 ParOldGen       total 79360K, used 79336K [0x00000000c0000000, 0x00000000c4d80000, 0x00000000eab00000)
  object space 79360K, 99% used [0x00000000c0000000,0x00000000c4d7a068,0x00000000c4d80000)
 Metaspace       used 53959K, committed 55296K, reserved 1114112K
  class space    used 5607K, committed 6208K, reserved 1048576K
}
Event: 6.965 GC heap after
{Heap after GC invocations=85 (full 2):
 PSYoungGen      total 16384K, used 448K [0x00000000eab00000, 0x00000000ebd00000, 0x0000000100000000)
  eden space 15360K, 0% used [0x00000000eab00000,0x00000000eab00000,0x00000000eba00000)
  from space 1024K, 43% used [0x00000000ebb80000,0x00000000ebbf0000,0x00000000ebc80000)
  to   space 512K, 0% used [0x00000000ebc80000,0x00000000ebc80000,0x00000000ebd00000)
 ParOldGen       total 79872K, used 79738K [0x00000000c0000000, 0x00000000c4e00000, 0x00000000eab00000)
  object space 79872K, 99% used [0x00000000c0000000,0x00000000c4dde868,0x00000000c4e00000)
 Metaspace       used 53959K, committed 55296K, reserved 1114112K
  class space    used 5607K, committed 6208K, reserved 1048576K
}
Event: 7.003 GC heap before
{Heap before GC invocations=86 (full 2):
 PSYoungGen      total 16384K, used 15808K [0x00000000eab00000, 0x00000000ebd00000, 0x0000000100000000)
  eden space 15360K, 100% used [0x00000000eab00000,0x00000000eba00000,0x00000000eba00000)
  from space 1024K, 43% used [0x00000000ebb80000,0x00000000ebbf0000,0x00000000ebc80000)
  to   space 512K, 0% used [0x00000000ebc80000,0x00000000ebc80000,0x00000000ebd00000)
 ParOldGen       total 79872K, used 79738K [0x00000000c0000000, 0x00000000c4e00000, 0x00000000eab00000)
  object space 79872K, 99% used [0x00000000c0000000,0x00000000c4dde868,0x00000000c4e00000)
 Metaspace       used 54086K, committed 55424K, reserved 1114112K
  class space    used 5618K, committed 6208K, reserved 1048576K
}
Event: 7.004 GC heap after
{Heap after GC invocations=86 (full 2):
 PSYoungGen      total 15872K, used 512K [0x00000000eab00000, 0x00000000ebe00000, 0x0000000100000000)
  eden space 15360K, 0% used [0x00000000eab00000,0x00000000eab00000,0x00000000eba00000)
  from space 512K, 100% used [0x00000000ebc80000,0x00000000ebd00000,0x00000000ebd00000)
  to   space 2048K, 0% used [0x00000000eba00000,0x00000000eba00000,0x00000000ebc00000)
 ParOldGen       total 81408K, used 80914K [0x00000000c0000000, 0x00000000c4f80000, 0x00000000eab00000)
  object space 81408K, 99% used [0x00000000c0000000,0x00000000c4f04868,0x00000000c4f80000)
 Metaspace       used 54086K, committed 55424K, reserved 1114112K
  class space    used 5618K, committed 6208K, reserved 1048576K
}
Event: 7.128 GC heap before
{Heap before GC invocations=87 (full 2):
 PSYoungGen      total 15872K, used 15872K [0x00000000eab00000, 0x00000000ebe00000, 0x0000000100000000)
  eden space 15360K, 100% used [0x00000000eab00000,0x00000000eba00000,0x00000000eba00000)
  from space 512K, 100% used [0x00000000ebc80000,0x00000000ebd00000,0x00000000ebd00000)
  to   space 2048K, 0% used [0x00000000eba00000,0x00000000eba00000,0x00000000ebc00000)
 ParOldGen       total 81408K, used 80914K [0x00000000c0000000, 0x00000000c4f80000, 0x00000000eab00000)
  object space 81408K, 99% used [0x00000000c0000000,0x00000000c4f04868,0x00000000c4f80000)
 Metaspace       used 55464K, committed 56768K, reserved 1114112K
  class space    used 5776K, committed 6336K, reserved 1048576K
}
Event: 7.130 GC heap after
{Heap after GC invocations=87 (full 2):
 PSYoungGen      total 16896K, used 1123K [0x00000000eab00000, 0x00000000ebd00000, 0x0000000100000000)
  eden space 15360K, 0% used [0x00000000eab00000,0x00000000eab00000,0x00000000eba00000)
  from space 1536K, 73% used [0x00000000eba00000,0x00000000ebb18ce0,0x00000000ebb80000)
  to   space 1536K, 0% used [0x00000000ebb80000,0x00000000ebb80000,0x00000000ebd00000)
 ParOldGen       total 81920K, used 81434K [0x00000000c0000000, 0x00000000c5000000, 0x00000000eab00000)
  object space 81920K, 99% used [0x00000000c0000000,0x00000000c4f86868,0x00000000c5000000)
 Metaspace       used 55464K, committed 56768K, reserved 1114112K
  class space    used 5776K, committed 6336K, reserved 1048576K
}
Event: 7.255 GC heap before
{Heap before GC invocations=88 (full 2):
 PSYoungGen      total 16896K, used 16483K [0x00000000eab00000, 0x00000000ebd00000, 0x0000000100000000)
  eden space 15360K, 100% used [0x00000000eab00000,0x00000000eba00000,0x00000000eba00000)
  from space 1536K, 73% used [0x00000000eba00000,0x00000000ebb18ce0,0x00000000ebb80000)
  to   space 1536K, 0% used [0x00000000ebb80000,0x00000000ebb80000,0x00000000ebd00000)
 ParOldGen       total 81920K, used 81434K [0x00000000c0000000, 0x00000000c5000000, 0x00000000eab00000)
  object space 81920K, 99% used [0x00000000c0000000,0x00000000c4f86868,0x00000000c5000000)
 Metaspace       used 56352K, committed 57664K, reserved 1114112K
  class space    used 5895K, committed 6464K, reserved 1048576K
}
Event: 7.257 GC heap after
{Heap after GC invocations=88 (full 2):
 PSYoungGen      total 15872K, used 347K [0x00000000eab00000, 0x00000000ebc00000, 0x0000000100000000)
  eden space 15360K, 0% used [0x00000000eab00000,0x00000000eab00000,0x00000000eba00000)
  from space 512K, 67% used [0x00000000ebb80000,0x00000000ebbd6ed8,0x00000000ebc00000)
  to   space 1024K, 0% used [0x00000000eba00000,0x00000000eba00000,0x00000000ebb00000)
 ParOldGen       total 82432K, used 82405K [0x00000000c0000000, 0x00000000c5080000, 0x00000000eab00000)
  object space 82432K, 99% used [0x00000000c0000000,0x00000000c5079480,0x00000000c5080000)
 Metaspace       used 56352K, committed 57664K, reserved 1114112K
  class space    used 5895K, committed 6464K, reserved 1048576K
}
Event: 7.365 GC heap before
{Heap before GC invocations=89 (full 2):
 PSYoungGen      total 15872K, used 15707K [0x00000000eab00000, 0x00000000ebc00000, 0x0000000100000000)
  eden space 15360K, 100% used [0x00000000eab00000,0x00000000eba00000,0x00000000eba00000)
  from space 512K, 67% used [0x00000000ebb80000,0x00000000ebbd6ed8,0x00000000ebc00000)
  to   space 1024K, 0% used [0x00000000eba00000,0x00000000eba00000,0x00000000ebb00000)
 ParOldGen       total 82432K, used 82405K [0x00000000c0000000, 0x00000000c5080000, 0x00000000eab00000)
  object space 82432K, 99% used [0x00000000c0000000,0x00000000c5079480,0x00000000c5080000)
 Metaspace       used 57358K, committed 58752K, reserved 1114112K
  class space    used 5978K, committed 6592K, reserved 1048576K
}
Event: 7.366 GC heap after
{Heap after GC invocations=89 (full 2):
 PSYoungGen      total 16384K, used 288K [0x00000000eab00000, 0x00000000ebc00000, 0x0000000100000000)
  eden space 15360K, 0% used [0x00000000eab00000,0x00000000eab00000,0x00000000eba00000)
  from space 1024K, 28% used [0x00000000eba00000,0x00000000eba48000,0x00000000ebb00000)
  to   space 512K, 0% used [0x00000000ebb80000,0x00000000ebb80000,0x00000000ebc00000)
 ParOldGen       total 82944K, used 82597K [0x00000000c0000000, 0x00000000c5100000, 0x00000000eab00000)
  object space 82944K, 99% used [0x00000000c0000000,0x00000000c50a9480,0x00000000c5100000)
 Metaspace       used 57358K, committed 58752K, reserved 1114112K
  class space    used 5978K, committed 6592K, reserved 1048576K
}
Event: 7.481 GC heap before
{Heap before GC invocations=90 (full 2):
 PSYoungGen      total 16384K, used 11626K [0x00000000eab00000, 0x00000000ebc00000, 0x0000000100000000)
  eden space 15360K, 73% used [0x00000000eab00000,0x00000000eb612860,0x00000000eba00000)
  from space 1024K, 28% used [0x00000000eba00000,0x00000000eba48000,0x00000000ebb00000)
  to   space 512K, 0% used [0x00000000ebb80000,0x00000000ebb80000,0x00000000ebc00000)
 ParOldGen       total 82944K, used 82597K [0x00000000c0000000, 0x00000000c5100000, 0x00000000eab00000)
  object space 82944K, 99% used [0x00000000c0000000,0x00000000c50a9480,0x00000000c5100000)
 Metaspace       used 58397K, committed 59776K, reserved 1114112K
  class space    used 6097K, committed 6720K, reserved 1048576K
}
Event: 7.483 GC heap after
{Heap after GC invocations=90 (full 2):
 PSYoungGen      total 15872K, used 483K [0x00000000eab00000, 0x00000000ebd00000, 0x0000000100000000)
  eden space 15360K, 0% used [0x00000000eab00000,0x00000000eab00000,0x00000000eba00000)
  from space 512K, 94% used [0x00000000ebb80000,0x00000000ebbf8e58,0x00000000ebc00000)
  to   space 1536K, 0% used [0x00000000eba00000,0x00000000eba00000,0x00000000ebb80000)
 ParOldGen       total 83456K, used 83317K [0x00000000c0000000, 0x00000000c5180000, 0x00000000eab00000)
  object space 83456K, 99% used [0x00000000c0000000,0x00000000c515d480,0x00000000c5180000)
 Metaspace       used 58397K, committed 59776K, reserved 1114112K
  class space    used 6097K, committed 6720K, reserved 1048576K
}
Event: 7.483 GC heap before
{Heap before GC invocations=91 (full 3):
 PSYoungGen      total 15872K, used 483K [0x00000000eab00000, 0x00000000ebd00000, 0x0000000100000000)
  eden space 15360K, 0% used [0x00000000eab00000,0x00000000eab00000,0x00000000eba00000)
  from space 512K, 94% used [0x00000000ebb80000,0x00000000ebbf8e58,0x00000000ebc00000)
  to   space 1536K, 0% used [0x00000000eba00000,0x00000000eba00000,0x00000000ebb80000)
 ParOldGen       total 83456K, used 83317K [0x00000000c0000000, 0x00000000c5180000, 0x00000000eab00000)
  object space 83456K, 99% used [0x00000000c0000000,0x00000000c515d480,0x00000000c5180000)
 Metaspace       used 58397K, committed 59776K, reserved 1114112K
  class space    used 6097K, committed 6720K, reserved 1048576K
}
Event: 7.567 GC heap after
{Heap after GC invocations=91 (full 3):
 PSYoungGen      total 15872K, used 0K [0x00000000eab00000, 0x00000000ebd00000, 0x0000000100000000)
  eden space 15360K, 0% used [0x00000000eab00000,0x00000000eab00000,0x00000000eba00000)
  from space 512K, 0% used [0x00000000ebb80000,0x00000000ebb80000,0x00000000ebc00000)
  to   space 1536K, 0% used [0x00000000eba00000,0x00000000eba00000,0x00000000ebb80000)
 ParOldGen       total 83456K, used 65212K [0x00000000c0000000, 0x00000000c5180000, 0x00000000eab00000)
  object space 83456K, 78% used [0x00000000c0000000,0x00000000c3faf018,0x00000000c5180000)
 Metaspace       used 58390K, committed 59776K, reserved 1114112K
  class space    used 6095K, committed 6720K, reserved 1048576K
}

