# JRE version: OpenJDK Runtime Environment Temurin-21.0.7+6 (21.0.7+6) (build 21.0.7+6-LTS)
# Java VM: OpenJDK 64-Bit Server VM Temurin-21.0.7+6 (21.0.7+6-LTS, mixed mode, sharing, tiered, compressed oops, compressed class ptrs, parallel gc, windows-amd64)
GC Precious Log:
 CardTable entry size: 512
 CPUs: 8 total, 8 available
 Memory: 32551M
 Large Page Support: Disabled
 NUMA Support: Disabled
 Compressed Oops: Enabled (32-bit)
 Alignments: Space 512K, Generation 512K, Heap 2M
 Heap Min Capacity: 100M
 Heap Initial Capacity: 100M
 Heap Max Capacity: 1G
 Pre-touch: Disabled
 Parallel Workers: 8
Heap:
 PSYoungGen      total 3072K, used 2870K [0x00000000eab00000, 0x00000000eb000000, 0x0000000100000000)
  eden space 2560K, 99% used [0x00000000eab00000,0x00000000ead7dad0,0x00000000ead80000)
  from space 512K, 62% used [0x00000000eaf80000,0x00000000eafd0000,0x00000000eb000000)
  to   space 512K, 0% used [0x00000000eaf00000,0x00000000eaf00000,0x00000000eaf80000)
 ParOldGen       total 364544K, used 364150K [0x00000000c0000000, 0x00000000d6400000, 0x00000000eab00000)
  object space 364544K, 99% used [0x00000000c0000000,0x00000000d639d8f8,0x00000000d6400000)
 Metaspace       used 76710K, committed 78464K, reserved 1179648K
  class space    used 7720K, committed 8512K, reserved 1048576K
GC Heap History (20 events):
Event: 659.456 GC heap after
{Heap after GC invocations=1338 (full 5):
 PSYoungGen      total 3072K, used 439K [0x00000000eab00000, 0x00000000eb000000, 0x0000000100000000)
  eden space 2560K, 0% used [0x00000000eab00000,0x00000000eab00000,0x00000000ead80000)
  from space 512K, 85% used [0x00000000eaf00000,0x00000000eaf6dd30,0x00000000eaf80000)
  to   space 512K, 0% used [0x00000000eaf80000,0x00000000eaf80000,0x00000000eb000000)
 ParOldGen       total 363520K, used 363364K [0x00000000c0000000, 0x00000000d6300000, 0x00000000eab00000)
  object space 363520K, 99% used [0x00000000c0000000,0x00000000d62d92f8,0x00000000d6300000)
 Metaspace       used 73658K, committed 75456K, reserved 1179648K
  class space    used 7308K, committed 8128K, reserved 1048576K
}
Event: 659.490 GC heap before
{Heap before GC invocations=1339 (full 5):
 PSYoungGen      total 3072K, used 2999K [0x00000000eab00000, 0x00000000eb000000, 0x0000000100000000)
  eden space 2560K, 100% used [0x00000000eab00000,0x00000000ead80000,0x00000000ead80000)
  from space 512K, 85% used [0x00000000eaf00000,0x00000000eaf6dd30,0x00000000eaf80000)
  to   space 512K, 0% used [0x00000000eaf80000,0x00000000eaf80000,0x00000000eb000000)
 ParOldGen       total 363520K, used 363364K [0x00000000c0000000, 0x00000000d6300000, 0x00000000eab00000)
  object space 363520K, 99% used [0x00000000c0000000,0x00000000d62d92f8,0x00000000d6300000)
 Metaspace       used 74237K, committed 75968K, reserved 1179648K
  class space    used 7361K, committed 8128K, reserved 1048576K
}
Event: 659.491 GC heap after
{Heap after GC invocations=1339 (full 5):
 PSYoungGen      total 3072K, used 305K [0x00000000eab00000, 0x00000000eb000000, 0x0000000100000000)
  eden space 2560K, 0% used [0x00000000eab00000,0x00000000eab00000,0x00000000ead80000)
  from space 512K, 59% used [0x00000000eaf80000,0x00000000eafcc5d0,0x00000000eb000000)
  to   space 512K, 0% used [0x00000000eaf00000,0x00000000eaf00000,0x00000000eaf80000)
 ParOldGen       total 363520K, used 363508K [0x00000000c0000000, 0x00000000d6300000, 0x00000000eab00000)
  object space 363520K, 99% used [0x00000000c0000000,0x00000000d62fd2f8,0x00000000d6300000)
 Metaspace       used 74237K, committed 75968K, reserved 1179648K
  class space    used 7361K, committed 8128K, reserved 1048576K
}
Event: 659.506 GC heap before
{Heap before GC invocations=1340 (full 5):
 PSYoungGen      total 3072K, used 2865K [0x00000000eab00000, 0x00000000eb000000, 0x0000000100000000)
  eden space 2560K, 100% used [0x00000000eab00000,0x00000000ead80000,0x00000000ead80000)
  from space 512K, 59% used [0x00000000eaf80000,0x00000000eafcc5d0,0x00000000eb000000)
  to   space 512K, 0% used [0x00000000eaf00000,0x00000000eaf00000,0x00000000eaf80000)
 ParOldGen       total 363520K, used 363508K [0x00000000c0000000, 0x00000000d6300000, 0x00000000eab00000)
  object space 363520K, 99% used [0x00000000c0000000,0x00000000d62fd2f8,0x00000000d6300000)
 Metaspace       used 74593K, committed 76352K, reserved 1179648K
  class space    used 7390K, committed 8192K, reserved 1048576K
}
Event: 659.507 GC heap after
{Heap after GC invocations=1340 (full 5):
 PSYoungGen      total 3072K, used 224K [0x00000000eab00000, 0x00000000eb000000, 0x0000000100000000)
  eden space 2560K, 0% used [0x00000000eab00000,0x00000000eab00000,0x00000000ead80000)
  from space 512K, 43% used [0x00000000eaf00000,0x00000000eaf38000,0x00000000eaf80000)
  to   space 512K, 0% used [0x00000000eaf80000,0x00000000eaf80000,0x00000000eb000000)
 ParOldGen       total 364032K, used 363718K [0x00000000c0000000, 0x00000000d6380000, 0x00000000eab00000)
  object space 364032K, 99% used [0x00000000c0000000,0x00000000d63318c8,0x00000000d6380000)
 Metaspace       used 74593K, committed 76352K, reserved 1179648K
  class space    used 7390K, committed 8192K, reserved 1048576K
}
Event: 659.518 GC heap before
{Heap before GC invocations=1341 (full 5):
 PSYoungGen      total 3072K, used 2676K [0x00000000eab00000, 0x00000000eb000000, 0x0000000100000000)
  eden space 2560K, 95% used [0x00000000eab00000,0x00000000ead65340,0x00000000ead80000)
  from space 512K, 43% used [0x00000000eaf00000,0x00000000eaf38000,0x00000000eaf80000)
  to   space 512K, 0% used [0x00000000eaf80000,0x00000000eaf80000,0x00000000eb000000)
 ParOldGen       total 364032K, used 363718K [0x00000000c0000000, 0x00000000d6380000, 0x00000000eab00000)
  object space 364032K, 99% used [0x00000000c0000000,0x00000000d63318c8,0x00000000d6380000)
 Metaspace       used 74749K, committed 76480K, reserved 1179648K
  class space    used 7426K, committed 8192K, reserved 1048576K
}
Event: 659.519 GC heap after
{Heap after GC invocations=1341 (full 5):
 PSYoungGen      total 3072K, used 510K [0x00000000eab00000, 0x00000000eb000000, 0x0000000100000000)
  eden space 2560K, 0% used [0x00000000eab00000,0x00000000eab00000,0x00000000ead80000)
  from space 512K, 99% used [0x00000000eaf80000,0x00000000eafff850,0x00000000eb000000)
  to   space 1024K, 0% used [0x00000000eae00000,0x00000000eae00000,0x00000000eaf00000)
 ParOldGen       total 364032K, used 363798K [0x00000000c0000000, 0x00000000d6380000, 0x00000000eab00000)
  object space 364032K, 99% used [0x00000000c0000000,0x00000000d63458c8,0x00000000d6380000)
 Metaspace       used 74749K, committed 76480K, reserved 1179648K
  class space    used 7426K, committed 8192K, reserved 1048576K
}
Event: 659.535 GC heap before
{Heap before GC invocations=1342 (full 5):
 PSYoungGen      total 3072K, used 3070K [0x00000000eab00000, 0x00000000eb000000, 0x0000000100000000)
  eden space 2560K, 100% used [0x00000000eab00000,0x00000000ead80000,0x00000000ead80000)
  from space 512K, 99% used [0x00000000eaf80000,0x00000000eafff850,0x00000000eb000000)
  to   space 1024K, 0% used [0x00000000eae00000,0x00000000eae00000,0x00000000eaf00000)
 ParOldGen       total 364032K, used 363798K [0x00000000c0000000, 0x00000000d6380000, 0x00000000eab00000)
  object space 364032K, 99% used [0x00000000c0000000,0x00000000d63458c8,0x00000000d6380000)
 Metaspace       used 75210K, committed 76992K, reserved 1179648K
  class space    used 7470K, committed 8256K, reserved 1048576K
}
Event: 659.535 GC heap after
{Heap after GC invocations=1342 (full 5):
 PSYoungGen      total 3584K, used 224K [0x00000000eab00000, 0x00000000eb000000, 0x0000000100000000)
  eden space 2560K, 0% used [0x00000000eab00000,0x00000000eab00000,0x00000000ead80000)
  from space 1024K, 21% used [0x00000000eae00000,0x00000000eae38000,0x00000000eaf00000)
  to   space 512K, 0% used [0x00000000eaf80000,0x00000000eaf80000,0x00000000eb000000)
 ParOldGen       total 364032K, used 363814K [0x00000000c0000000, 0x00000000d6380000, 0x00000000eab00000)
  object space 364032K, 99% used [0x00000000c0000000,0x00000000d63498c8,0x00000000d6380000)
 Metaspace       used 75210K, committed 76992K, reserved 1179648K
  class space    used 7470K, committed 8256K, reserved 1048576K
}
Event: 659.548 GC heap before
{Heap before GC invocations=1343 (full 5):
 PSYoungGen      total 3584K, used 2784K [0x00000000eab00000, 0x00000000eb000000, 0x0000000100000000)
  eden space 2560K, 100% used [0x00000000eab00000,0x00000000ead80000,0x00000000ead80000)
  from space 1024K, 21% used [0x00000000eae00000,0x00000000eae38000,0x00000000eaf00000)
  to   space 512K, 0% used [0x00000000eaf80000,0x00000000eaf80000,0x00000000eb000000)
 ParOldGen       total 364032K, used 363814K [0x00000000c0000000, 0x00000000d6380000, 0x00000000eab00000)
  object space 364032K, 99% used [0x00000000c0000000,0x00000000d63498c8,0x00000000d6380000)
 Metaspace       used 75444K, committed 77248K, reserved 1179648K
  class space    used 7517K, committed 8320K, reserved 1048576K
}
Event: 659.549 GC heap after
{Heap after GC invocations=1343 (full 5):
 PSYoungGen      total 3072K, used 224K [0x00000000eab00000, 0x00000000eb000000, 0x0000000100000000)
  eden space 2560K, 0% used [0x00000000eab00000,0x00000000eab00000,0x00000000ead80000)
  from space 512K, 43% used [0x00000000eaf80000,0x00000000eafb8000,0x00000000eb000000)
  to   space 512K, 0% used [0x00000000eaf00000,0x00000000eaf00000,0x00000000eaf80000)
 ParOldGen       total 364032K, used 363910K [0x00000000c0000000, 0x00000000d6380000, 0x00000000eab00000)
  object space 364032K, 99% used [0x00000000c0000000,0x00000000d63618f8,0x00000000d6380000)
 Metaspace       used 75444K, committed 77248K, reserved 1179648K
  class space    used 7517K, committed 8320K, reserved 1048576K
}
Event: 659.557 GC heap before
{Heap before GC invocations=1344 (full 5):
 PSYoungGen      total 3072K, used 2784K [0x00000000eab00000, 0x00000000eb000000, 0x0000000100000000)
  eden space 2560K, 100% used [0x00000000eab00000,0x00000000ead80000,0x00000000ead80000)
  from space 512K, 43% used [0x00000000eaf80000,0x00000000eafb8000,0x00000000eb000000)
  to   space 512K, 0% used [0x00000000eaf00000,0x00000000eaf00000,0x00000000eaf80000)
 ParOldGen       total 364032K, used 363910K [0x00000000c0000000, 0x00000000d6380000, 0x00000000eab00000)
  object space 364032K, 99% used [0x00000000c0000000,0x00000000d63618f8,0x00000000d6380000)
 Metaspace       used 75613K, committed 77376K, reserved 1179648K
  class space    used 7564K, committed 8320K, reserved 1048576K
}
Event: 659.558 GC heap after
{Heap after GC invocations=1344 (full 5):
 PSYoungGen      total 3072K, used 224K [0x00000000eab00000, 0x00000000eb000000, 0x0000000100000000)
  eden space 2560K, 0% used [0x00000000eab00000,0x00000000eab00000,0x00000000ead80000)
  from space 512K, 43% used [0x00000000eaf00000,0x00000000eaf38000,0x00000000eaf80000)
  to   space 512K, 0% used [0x00000000eaf80000,0x00000000eaf80000,0x00000000eb000000)
 ParOldGen       total 364032K, used 363974K [0x00000000c0000000, 0x00000000d6380000, 0x00000000eab00000)
  object space 364032K, 99% used [0x00000000c0000000,0x00000000d63718f8,0x00000000d6380000)
 Metaspace       used 75613K, committed 77376K, reserved 1179648K
  class space    used 7564K, committed 8320K, reserved 1048576K
}
Event: 659.574 GC heap before
{Heap before GC invocations=1345 (full 5):
 PSYoungGen      total 3072K, used 2784K [0x00000000eab00000, 0x00000000eb000000, 0x0000000100000000)
  eden space 2560K, 100% used [0x00000000eab00000,0x00000000ead80000,0x00000000ead80000)
  from space 512K, 43% used [0x00000000eaf00000,0x00000000eaf38000,0x00000000eaf80000)
  to   space 512K, 0% used [0x00000000eaf80000,0x00000000eaf80000,0x00000000eb000000)
 ParOldGen       total 364032K, used 363974K [0x00000000c0000000, 0x00000000d6380000, 0x00000000eab00000)
  object space 364032K, 99% used [0x00000000c0000000,0x00000000d63718f8,0x00000000d6380000)
 Metaspace       used 75921K, committed 77696K, reserved 1179648K
  class space    used 7615K, committed 8384K, reserved 1048576K
}
Event: 659.575 GC heap after
{Heap after GC invocations=1345 (full 5):
 PSYoungGen      total 3072K, used 256K [0x00000000eab00000, 0x00000000eb000000, 0x0000000100000000)
  eden space 2560K, 0% used [0x00000000eab00000,0x00000000eab00000,0x00000000ead80000)
  from space 512K, 50% used [0x00000000eaf80000,0x00000000eafc0000,0x00000000eb000000)
  to   space 512K, 0% used [0x00000000eaf00000,0x00000000eaf00000,0x00000000eaf80000)
 ParOldGen       total 364032K, used 364022K [0x00000000c0000000, 0x00000000d6380000, 0x00000000eab00000)
  object space 364032K, 99% used [0x00000000c0000000,0x00000000d637d8f8,0x00000000d6380000)
 Metaspace       used 75921K, committed 77696K, reserved 1179648K
  class space    used 7615K, committed 8384K, reserved 1048576K
}
Event: 659.586 GC heap before
{Heap before GC invocations=1346 (full 5):
 PSYoungGen      total 3072K, used 2816K [0x00000000eab00000, 0x00000000eb000000, 0x0000000100000000)
  eden space 2560K, 100% used [0x00000000eab00000,0x00000000ead80000,0x00000000ead80000)
  from space 512K, 50% used [0x00000000eaf80000,0x00000000eafc0000,0x00000000eb000000)
  to   space 512K, 0% used [0x00000000eaf00000,0x00000000eaf00000,0x00000000eaf80000)
 ParOldGen       total 364032K, used 364022K [0x00000000c0000000, 0x00000000d6380000, 0x00000000eab00000)
  object space 364032K, 99% used [0x00000000c0000000,0x00000000d637d8f8,0x00000000d6380000)
 Metaspace       used 76198K, committed 77952K, reserved 1179648K
  class space    used 7652K, committed 8448K, reserved 1048576K
}
Event: 659.587 GC heap after
{Heap after GC invocations=1346 (full 5):
 PSYoungGen      total 3072K, used 256K [0x00000000eab00000, 0x00000000eb000000, 0x0000000100000000)
  eden space 2560K, 0% used [0x00000000eab00000,0x00000000eab00000,0x00000000ead80000)
  from space 512K, 50% used [0x00000000eaf00000,0x00000000eaf40000,0x00000000eaf80000)
  to   space 512K, 0% used [0x00000000eaf80000,0x00000000eaf80000,0x00000000eb000000)
 ParOldGen       total 364544K, used 364094K [0x00000000c0000000, 0x00000000d6400000, 0x00000000eab00000)
  object space 364544K, 99% used [0x00000000c0000000,0x00000000d638f8f8,0x00000000d6400000)
 Metaspace       used 76198K, committed 77952K, reserved 1179648K
  class space    used 7652K, committed 8448K, reserved 1048576K
}
Event: 659.618 GC heap before
{Heap before GC invocations=1347 (full 5):
 PSYoungGen      total 3072K, used 2816K [0x00000000eab00000, 0x00000000eb000000, 0x0000000100000000)
  eden space 2560K, 100% used [0x00000000eab00000,0x00000000ead80000,0x00000000ead80000)
  from space 512K, 50% used [0x00000000eaf00000,0x00000000eaf40000,0x00000000eaf80000)
  to   space 512K, 0% used [0x00000000eaf80000,0x00000000eaf80000,0x00000000eb000000)
 ParOldGen       total 364544K, used 364094K [0x00000000c0000000, 0x00000000d6400000, 0x00000000eab00000)
  object space 364544K, 99% used [0x00000000c0000000,0x00000000d638f8f8,0x00000000d6400000)
 Metaspace       used 76456K, committed 78272K, reserved 1179648K
  class space    used 7688K, committed 8512K, reserved 1048576K
}
Event: 659.619 GC heap after
{Heap after GC invocations=1347 (full 5):
 PSYoungGen      total 3072K, used 320K [0x00000000eab00000, 0x00000000eb000000, 0x0000000100000000)
  eden space 2560K, 0% used [0x00000000eab00000,0x00000000eab00000,0x00000000ead80000)
  from space 512K, 62% used [0x00000000eaf80000,0x00000000eafd0000,0x00000000eb000000)
  to   space 512K, 0% used [0x00000000eaf00000,0x00000000eaf00000,0x00000000eaf80000)
 ParOldGen       total 364544K, used 364150K [0x00000000c0000000, 0x00000000d6400000, 0x00000000eab00000)
  object space 364544K, 99% used [0x00000000c0000000,0x00000000d639d8f8,0x00000000d6400000)
 Metaspace       used 76456K, committed 78272K, reserved 1179648K
  class space    used 7688K, committed 8512K, reserved 1048576K
}
Event: 1029.150 GC heap before
{Heap before GC invocations=1348 (full 5):
 PSYoungGen      total 3072K, used 2870K [0x00000000eab00000, 0x00000000eb000000, 0x0000000100000000)
  eden space 2560K, 99% used [0x00000000eab00000,0x00000000ead7dad0,0x00000000ead80000)
  from space 512K, 62% used [0x00000000eaf80000,0x00000000eafd0000,0x00000000eb000000)
  to   space 512K, 0% used [0x00000000eaf00000,0x00000000eaf00000,0x00000000eaf80000)
 ParOldGen       total 364544K, used 364150K [0x00000000c0000000, 0x00000000d6400000, 0x00000000eab00000)
  object space 364544K, 99% used [0x00000000c0000000,0x00000000d639d8f8,0x00000000d6400000)
 Metaspace       used 76710K, committed 78464K, reserved 1179648K
  class space    used 7720K, committed 8512K, reserved 1048576K
}

