# JRE version: OpenJDK Runtime Environment Temurin-21.0.7+6 (21.0.7+6) (build 21.0.7+6-LTS)
# Java VM: OpenJDK 64-Bit Server VM Temurin-21.0.7+6 (21.0.7+6-LTS, mixed mode, sharing, tiered, compressed oops, compressed class ptrs, parallel gc, windows-amd64)
GC Precious Log:
 CardTable entry size: 512
 CPUs: 8 total, 8 available
 Memory: 32551M
 Large Page Support: Disabled
 NUMA Support: Disabled
 Compressed Oops: Enabled (32-bit)
 Alignments: Space 512K, Generation 512K, Heap 2M
 Heap Min Capacity: 100M
 Heap Initial Capacity: 100M
 Heap Max Capacity: 1G
 Pre-touch: Disabled
 Parallel Workers: 8
Heap:
 PSYoungGen      total 14848K, used 10415K [0x00000000eab00000, 0x00000000ec100000, 0x0000000100000000)
  eden space 8704K, 51% used [0x00000000eab00000,0x00000000eaf64e50,0x00000000eb380000)
  from space 6144K, 96% used [0x00000000ebb00000,0x00000000ec0c6df0,0x00000000ec100000)
  to   space 6656K, 0% used [0x00000000eb400000,0x00000000eb400000,0x00000000eba80000)
 ParOldGen       total 699392K, used 695537K [0x00000000c0000000, 0x00000000eab00000, 0x00000000eab00000)
  object space 699392K, 99% used [0x00000000c0000000,0x00000000ea73c6a0,0x00000000eab00000)
 Metaspace       used 82583K, committed 84160K, reserved 1179648K
  class space    used 8198K, committed 8960K, reserved 1048576K
GC Heap History (20 events):
Event: 1783.938 GC heap after
{Heap after GC invocations=1003 (full 5):
 PSYoungGen      total 11264K, used 1348K [0x00000000eab00000, 0x00000000ec080000, 0x0000000100000000)
  eden space 8704K, 0% used [0x00000000eab00000,0x00000000eab00000,0x00000000eb380000)
  from space 2560K, 52% used [0x00000000ebc00000,0x00000000ebd51210,0x00000000ebe80000)
  to   space 1536K, 0% used [0x00000000ebf00000,0x00000000ebf00000,0x00000000ec080000)
 ParOldGen       total 640512K, used 639994K [0x00000000c0000000, 0x00000000e7180000, 0x00000000eab00000)
  object space 640512K, 99% used [0x00000000c0000000,0x00000000e70fe8e0,0x00000000e7180000)
 Metaspace       used 82547K, committed 84160K, reserved 1179648K
  class space    used 8198K, committed 8960K, reserved 1048576K
}
Event: 1784.269 GC heap before
{Heap before GC invocations=1004 (full 5):
 PSYoungGen      total 11264K, used 10052K [0x00000000eab00000, 0x00000000ec080000, 0x0000000100000000)
  eden space 8704K, 100% used [0x00000000eab00000,0x00000000eb380000,0x00000000eb380000)
  from space 2560K, 52% used [0x00000000ebc00000,0x00000000ebd51210,0x00000000ebe80000)
  to   space 1536K, 0% used [0x00000000ebf00000,0x00000000ebf00000,0x00000000ec080000)
 ParOldGen       total 640512K, used 639994K [0x00000000c0000000, 0x00000000e7180000, 0x00000000eab00000)
  object space 640512K, 99% used [0x00000000c0000000,0x00000000e70fe8e0,0x00000000e7180000)
 Metaspace       used 82553K, committed 84160K, reserved 1179648K
  class space    used 8198K, committed 8960K, reserved 1048576K
}
Event: 1784.271 GC heap after
{Heap after GC invocations=1004 (full 5):
 PSYoungGen      total 9728K, used 912K [0x00000000eab00000, 0x00000000ec000000, 0x0000000100000000)
  eden space 8704K, 0% used [0x00000000eab00000,0x00000000eab00000,0x00000000eb380000)
  from space 1024K, 89% used [0x00000000ebf00000,0x00000000ebfe4010,0x00000000ec000000)
  to   space 1536K, 0% used [0x00000000ebd00000,0x00000000ebd00000,0x00000000ebe80000)
 ParOldGen       total 641536K, used 641098K [0x00000000c0000000, 0x00000000e7280000, 0x00000000eab00000)
  object space 641536K, 99% used [0x00000000c0000000,0x00000000e7212b90,0x00000000e7280000)
 Metaspace       used 82553K, committed 84160K, reserved 1179648K
  class space    used 8198K, committed 8960K, reserved 1048576K
}
Event: 1784.447 GC heap before
{Heap before GC invocations=1005 (full 5):
 PSYoungGen      total 9728K, used 9616K [0x00000000eab00000, 0x00000000ec000000, 0x0000000100000000)
  eden space 8704K, 100% used [0x00000000eab00000,0x00000000eb380000,0x00000000eb380000)
  from space 1024K, 89% used [0x00000000ebf00000,0x00000000ebfe4010,0x00000000ec000000)
  to   space 1536K, 0% used [0x00000000ebd00000,0x00000000ebd00000,0x00000000ebe80000)
 ParOldGen       total 641536K, used 641098K [0x00000000c0000000, 0x00000000e7280000, 0x00000000eab00000)
  object space 641536K, 99% used [0x00000000c0000000,0x00000000e7212b90,0x00000000e7280000)
 Metaspace       used 82560K, committed 84160K, reserved 1179648K
  class space    used 8198K, committed 8960K, reserved 1048576K
}
Event: 1784.449 GC heap after
{Heap after GC invocations=1005 (full 5):
 PSYoungGen      total 10240K, used 980K [0x00000000eab00000, 0x00000000ebf80000, 0x0000000100000000)
  eden space 8704K, 0% used [0x00000000eab00000,0x00000000eab00000,0x00000000eb380000)
  from space 1536K, 63% used [0x00000000ebd00000,0x00000000ebdf5220,0x00000000ebe80000)
  to   space 1024K, 0% used [0x00000000ebe80000,0x00000000ebe80000,0x00000000ebf80000)
 ParOldGen       total 642048K, used 641904K [0x00000000c0000000, 0x00000000e7300000, 0x00000000eab00000)
  object space 642048K, 99% used [0x00000000c0000000,0x00000000e72dc330,0x00000000e7300000)
 Metaspace       used 82560K, committed 84160K, reserved 1179648K
  class space    used 8198K, committed 8960K, reserved 1048576K
}
Event: 1784.463 GC heap before
{Heap before GC invocations=1006 (full 5):
 PSYoungGen      total 10240K, used 9684K [0x00000000eab00000, 0x00000000ebf80000, 0x0000000100000000)
  eden space 8704K, 100% used [0x00000000eab00000,0x00000000eb380000,0x00000000eb380000)
  from space 1536K, 63% used [0x00000000ebd00000,0x00000000ebdf5220,0x00000000ebe80000)
  to   space 1024K, 0% used [0x00000000ebe80000,0x00000000ebe80000,0x00000000ebf80000)
 ParOldGen       total 642048K, used 641904K [0x00000000c0000000, 0x00000000e7300000, 0x00000000eab00000)
  object space 642048K, 99% used [0x00000000c0000000,0x00000000e72dc330,0x00000000e7300000)
 Metaspace       used 82563K, committed 84160K, reserved 1179648K
  class space    used 8198K, committed 8960K, reserved 1048576K
}
Event: 1784.466 GC heap after
{Heap after GC invocations=1006 (full 5):
 PSYoungGen      total 9728K, used 1012K [0x00000000eab00000, 0x00000000ebf80000, 0x0000000100000000)
  eden space 8704K, 0% used [0x00000000eab00000,0x00000000eab00000,0x00000000eb380000)
  from space 1024K, 98% used [0x00000000ebe80000,0x00000000ebf7d200,0x00000000ebf80000)
  to   space 2560K, 0% used [0x00000000eba80000,0x00000000eba80000,0x00000000ebd00000)
 ParOldGen       total 643072K, used 643003K [0x00000000c0000000, 0x00000000e7400000, 0x00000000eab00000)
  object space 643072K, 99% used [0x00000000c0000000,0x00000000e73eeed0,0x00000000e7400000)
 Metaspace       used 82563K, committed 84160K, reserved 1179648K
  class space    used 8198K, committed 8960K, reserved 1048576K
}
Event: 1786.967 GC heap before
{Heap before GC invocations=1007 (full 5):
 PSYoungGen      total 9728K, used 9135K [0x00000000eab00000, 0x00000000ebf80000, 0x0000000100000000)
  eden space 8704K, 93% used [0x00000000eab00000,0x00000000eb2eebf0,0x00000000eb380000)
  from space 1024K, 98% used [0x00000000ebe80000,0x00000000ebf7d200,0x00000000ebf80000)
  to   space 2560K, 0% used [0x00000000eba80000,0x00000000eba80000,0x00000000ebd00000)
 ParOldGen       total 643072K, used 643003K [0x00000000c0000000, 0x00000000e7400000, 0x00000000eab00000)
  object space 643072K, 99% used [0x00000000c0000000,0x00000000e73eeed0,0x00000000e7400000)
 Metaspace       used 82567K, committed 84160K, reserved 1179648K
  class space    used 8198K, committed 8960K, reserved 1048576K
}
Event: 1786.968 GC heap after
{Heap after GC invocations=1007 (full 5):
 PSYoungGen      total 11264K, used 896K [0x00000000eab00000, 0x00000000ebf00000, 0x0000000100000000)
  eden space 8704K, 0% used [0x00000000eab00000,0x00000000eab00000,0x00000000eb380000)
  from space 2560K, 35% used [0x00000000eba80000,0x00000000ebb60000,0x00000000ebd00000)
  to   space 1536K, 0% used [0x00000000ebd80000,0x00000000ebd80000,0x00000000ebf00000)
 ParOldGen       total 644096K, used 644012K [0x00000000c0000000, 0x00000000e7500000, 0x00000000eab00000)
  object space 644096K, 99% used [0x00000000c0000000,0x00000000e74eb150,0x00000000e7500000)
 Metaspace       used 82567K, committed 84160K, reserved 1179648K
  class space    used 8198K, committed 8960K, reserved 1048576K
}
Event: 1786.975 GC heap before
{Heap before GC invocations=1008 (full 5):
 PSYoungGen      total 11264K, used 9600K [0x00000000eab00000, 0x00000000ebf00000, 0x0000000100000000)
  eden space 8704K, 100% used [0x00000000eab00000,0x00000000eb380000,0x00000000eb380000)
  from space 2560K, 35% used [0x00000000eba80000,0x00000000ebb60000,0x00000000ebd00000)
  to   space 1536K, 0% used [0x00000000ebd80000,0x00000000ebd80000,0x00000000ebf00000)
 ParOldGen       total 644096K, used 644012K [0x00000000c0000000, 0x00000000e7500000, 0x00000000eab00000)
  object space 644096K, 99% used [0x00000000c0000000,0x00000000e74eb150,0x00000000e7500000)
 Metaspace       used 82567K, committed 84160K, reserved 1179648K
  class space    used 8198K, committed 8960K, reserved 1048576K
}
Event: 1786.979 GC heap after
{Heap after GC invocations=1008 (full 5):
 PSYoungGen      total 10240K, used 1515K [0x00000000eab00000, 0x00000000ec680000, 0x0000000100000000)
  eden space 8704K, 0% used [0x00000000eab00000,0x00000000eab00000,0x00000000eb380000)
  from space 1536K, 98% used [0x00000000ebd80000,0x00000000ebefae50,0x00000000ebf00000)
  to   space 9728K, 0% used [0x00000000eb380000,0x00000000eb380000,0x00000000ebd00000)
 ParOldGen       total 651264K, used 650902K [0x00000000c0000000, 0x00000000e7c00000, 0x00000000eab00000)
  object space 651264K, 99% used [0x00000000c0000000,0x00000000e7ba5ae0,0x00000000e7c00000)
 Metaspace       used 82567K, committed 84160K, reserved 1179648K
  class space    used 8198K, committed 8960K, reserved 1048576K
}
Event: 1786.991 GC heap before
{Heap before GC invocations=1009 (full 5):
 PSYoungGen      total 10240K, used 10100K [0x00000000eab00000, 0x00000000ec680000, 0x0000000100000000)
  eden space 8704K, 98% used [0x00000000eab00000,0x00000000eb362308,0x00000000eb380000)
  from space 1536K, 98% used [0x00000000ebd80000,0x00000000ebefae50,0x00000000ebf00000)
  to   space 9728K, 0% used [0x00000000eb380000,0x00000000eb380000,0x00000000ebd00000)
 ParOldGen       total 651264K, used 650902K [0x00000000c0000000, 0x00000000e7c00000, 0x00000000eab00000)
  object space 651264K, 99% used [0x00000000c0000000,0x00000000e7ba5ae0,0x00000000e7c00000)
 Metaspace       used 82567K, committed 84160K, reserved 1179648K
  class space    used 8198K, committed 8960K, reserved 1048576K
}
Event: 1786.995 GC heap after
{Heap after GC invocations=1009 (full 5):
 PSYoungGen      total 17408K, used 8290K [0x00000000eab00000, 0x00000000ec480000, 0x0000000100000000)
  eden space 8704K, 0% used [0x00000000eab00000,0x00000000eab00000,0x00000000eb380000)
  from space 8704K, 95% used [0x00000000eb380000,0x00000000ebb98800,0x00000000ebc00000)
  to   space 8704K, 0% used [0x00000000ebc00000,0x00000000ebc00000,0x00000000ec480000)
 ParOldGen       total 654336K, used 653709K [0x00000000c0000000, 0x00000000e7f00000, 0x00000000eab00000)
  object space 654336K, 99% used [0x00000000c0000000,0x00000000e7e63780,0x00000000e7f00000)
 Metaspace       used 82567K, committed 84160K, reserved 1179648K
  class space    used 8198K, committed 8960K, reserved 1048576K
}
Event: 1787.031 GC heap before
{Heap before GC invocations=1010 (full 5):
 PSYoungGen      total 17408K, used 16994K [0x00000000eab00000, 0x00000000ec480000, 0x0000000100000000)
  eden space 8704K, 100% used [0x00000000eab00000,0x00000000eb380000,0x00000000eb380000)
  from space 8704K, 95% used [0x00000000eb380000,0x00000000ebb98800,0x00000000ebc00000)
  to   space 8704K, 0% used [0x00000000ebc00000,0x00000000ebc00000,0x00000000ec480000)
 ParOldGen       total 654336K, used 653709K [0x00000000c0000000, 0x00000000e7f00000, 0x00000000eab00000)
  object space 654336K, 99% used [0x00000000c0000000,0x00000000e7e63780,0x00000000e7f00000)
 Metaspace       used 82567K, committed 84160K, reserved 1179648K
  class space    used 8198K, committed 8960K, reserved 1048576K
}
Event: 1787.037 GC heap after
{Heap after GC invocations=1010 (full 5):
 PSYoungGen      total 17408K, used 8197K [0x00000000eab00000, 0x00000000ec480000, 0x0000000100000000)
  eden space 8704K, 0% used [0x00000000eab00000,0x00000000eab00000,0x00000000eb380000)
  from space 8704K, 94% used [0x00000000ebc00000,0x00000000ec401600,0x00000000ec480000)
  to   space 8704K, 0% used [0x00000000eb380000,0x00000000eb380000,0x00000000ebc00000)
 ParOldGen       total 662016K, used 661605K [0x00000000c0000000, 0x00000000e8680000, 0x00000000eab00000)
  object space 662016K, 99% used [0x00000000c0000000,0x00000000e8619780,0x00000000e8680000)
 Metaspace       used 82567K, committed 84160K, reserved 1179648K
  class space    used 8198K, committed 8960K, reserved 1048576K
}
Event: 1787.080 GC heap before
{Heap before GC invocations=1011 (full 5):
 PSYoungGen      total 17408K, used 16901K [0x00000000eab00000, 0x00000000ec480000, 0x0000000100000000)
  eden space 8704K, 100% used [0x00000000eab00000,0x00000000eb380000,0x00000000eb380000)
  from space 8704K, 94% used [0x00000000ebc00000,0x00000000ec401600,0x00000000ec480000)
  to   space 8704K, 0% used [0x00000000eb380000,0x00000000eb380000,0x00000000ebc00000)
 ParOldGen       total 662016K, used 661605K [0x00000000c0000000, 0x00000000e8680000, 0x00000000eab00000)
  object space 662016K, 99% used [0x00000000c0000000,0x00000000e8619780,0x00000000e8680000)
 Metaspace       used 82567K, committed 84160K, reserved 1179648K
  class space    used 8198K, committed 8960K, reserved 1048576K
}
Event: 1787.086 GC heap after
{Heap after GC invocations=1011 (full 5):
 PSYoungGen      total 15872K, used 6720K [0x00000000eab00000, 0x00000000ec280000, 0x0000000100000000)
  eden space 8704K, 0% used [0x00000000eab00000,0x00000000eab00000,0x00000000eb380000)
  from space 7168K, 93% used [0x00000000eb380000,0x00000000eba10000,0x00000000eba80000)
  to   space 7680K, 0% used [0x00000000ebb00000,0x00000000ebb00000,0x00000000ec280000)
 ParOldGen       total 669696K, used 669683K [0x00000000c0000000, 0x00000000e8e00000, 0x00000000eab00000)
  object space 669696K, 99% used [0x00000000c0000000,0x00000000e8dfcd80,0x00000000e8e00000)
 Metaspace       used 82567K, committed 84160K, reserved 1179648K
  class space    used 8198K, committed 8960K, reserved 1048576K
}
Event: 1787.110 GC heap before
{Heap before GC invocations=1012 (full 5):
 PSYoungGen      total 15872K, used 15424K [0x00000000eab00000, 0x00000000ec280000, 0x0000000100000000)
  eden space 8704K, 100% used [0x00000000eab00000,0x00000000eb380000,0x00000000eb380000)
  from space 7168K, 93% used [0x00000000eb380000,0x00000000eba10000,0x00000000eba80000)
  to   space 7680K, 0% used [0x00000000ebb00000,0x00000000ebb00000,0x00000000ec280000)
 ParOldGen       total 669696K, used 669683K [0x00000000c0000000, 0x00000000e8e00000, 0x00000000eab00000)
  object space 669696K, 99% used [0x00000000c0000000,0x00000000e8dfcd80,0x00000000e8e00000)
 Metaspace       used 82572K, committed 84160K, reserved 1179648K
  class space    used 8198K, committed 8960K, reserved 1048576K
}
Event: 1787.115 GC heap after
{Heap after GC invocations=1012 (full 5):
 PSYoungGen      total 14848K, used 5915K [0x00000000eab00000, 0x00000000ec100000, 0x0000000100000000)
  eden space 8704K, 0% used [0x00000000eab00000,0x00000000eab00000,0x00000000eb380000)
  from space 6144K, 96% used [0x00000000ebb00000,0x00000000ec0c6df0,0x00000000ec100000)
  to   space 6656K, 0% used [0x00000000eb400000,0x00000000eb400000,0x00000000eba80000)
 ParOldGen       total 676352K, used 676337K [0x00000000c0000000, 0x00000000e9480000, 0x00000000eab00000)
  object space 676352K, 99% used [0x00000000c0000000,0x00000000e947c680,0x00000000e9480000)
 Metaspace       used 82572K, committed 84160K, reserved 1179648K
  class space    used 8198K, committed 8960K, reserved 1048576K
}
Event: 1787.144 GC heap before
{Heap before GC invocations=1013 (full 6):
 PSYoungGen      total 14848K, used 10415K [0x00000000eab00000, 0x00000000ec100000, 0x0000000100000000)
  eden space 8704K, 51% used [0x00000000eab00000,0x00000000eaf64e50,0x00000000eb380000)
  from space 6144K, 96% used [0x00000000ebb00000,0x00000000ec0c6df0,0x00000000ec100000)
  to   space 6656K, 0% used [0x00000000eb400000,0x00000000eb400000,0x00000000eba80000)
 ParOldGen       total 699392K, used 695537K [0x00000000c0000000, 0x00000000eab00000, 0x00000000eab00000)
  object space 699392K, 99% used [0x00000000c0000000,0x00000000ea73c6a0,0x00000000eab00000)
 Metaspace       used 82583K, committed 84160K, reserved 1179648K
  class space    used 8198K, committed 8960K, reserved 1048576K
}

