# JRE version: OpenJDK Runtime Environment Temurin-21.0.7+6 (21.0.7+6) (build 21.0.7+6-LTS)
# Java VM: OpenJDK 64-Bit Server VM Temurin-21.0.7+6 (21.0.7+6-LTS, mixed mode, sharing, tiered, compressed oops, compressed class ptrs, parallel gc, windows-amd64)
GC Precious Log:
 CardTable entry size: 512
 CPUs: 8 total, 8 available
 Memory: 32551M
 Large Page Support: Disabled
 NUMA Support: Disabled
 Compressed Oops: Enabled (32-bit)
 Alignments: Space 512K, Generation 512K, Heap 2M
 Heap Min Capacity: 100M
 Heap Initial Capacity: 100M
 Heap Max Capacity: 1G
 Pre-touch: Disabled
 Parallel Workers: 8
Heap:
 PSYoungGen      total 5632K, used 4306K [0x00000000eab00000, 0x00000000eb280000, 0x0000000100000000)
  eden space 5120K, 80% used [0x00000000eab00000,0x00000000eaf04a70,0x00000000eb000000)
  from space 512K, 37% used [0x00000000eb180000,0x00000000eb1b0000,0x00000000eb200000)
  to   space 512K, 0% used [0x00000000eb200000,0x00000000eb200000,0x00000000eb280000)
 ParOldGen       total 673792K, used 673341K [0x00000000c0000000, 0x00000000e9200000, 0x00000000eab00000)
  object space 673792K, 99% used [0x00000000c0000000,0x00000000e918f4b0,0x00000000e9200000)
 Metaspace       used 79356K, committed 81216K, reserved 1179648K
  class space    used 7816K, committed 8704K, reserved 1048576K
GC Heap History (20 events):
Event: 1053.944 GC heap before
{Heap before GC invocations=1306 (full 4):
 PSYoungGen      total 6656K, used 5620K [0x00000000eab00000, 0x00000000eb380000, 0x0000000100000000)
  eden space 5120K, 100% used [0x00000000eab00000,0x00000000eb000000,0x00000000eb000000)
  from space 1536K, 32% used [0x00000000eb100000,0x00000000eb17d200,0x00000000eb280000)
  to   space 1024K, 0% used [0x00000000eb280000,0x00000000eb280000,0x00000000eb380000)
 ParOldGen       total 670720K, used 670359K [0x00000000c0000000, 0x00000000e8f00000, 0x00000000eab00000)
  object space 670720K, 99% used [0x00000000c0000000,0x00000000e8ea5c50,0x00000000e8f00000)
 Metaspace       used 79289K, committed 81152K, reserved 1179648K
  class space    used 7816K, committed 8704K, reserved 1048576K
}
Event: 1053.946 GC heap after
{Heap after GC invocations=1306 (full 4):
 PSYoungGen      total 6144K, used 544K [0x00000000eab00000, 0x00000000eb380000, 0x0000000100000000)
  eden space 5120K, 0% used [0x00000000eab00000,0x00000000eab00000,0x00000000eb000000)
  from space 1024K, 53% used [0x00000000eb280000,0x00000000eb308020,0x00000000eb380000)
  to   space 1024K, 0% used [0x00000000eb180000,0x00000000eb180000,0x00000000eb280000)
 ParOldGen       total 671232K, used 670778K [0x00000000c0000000, 0x00000000e8f80000, 0x00000000eab00000)
  object space 671232K, 99% used [0x00000000c0000000,0x00000000e8f0e950,0x00000000e8f80000)
 Metaspace       used 79289K, committed 81152K, reserved 1179648K
  class space    used 7816K, committed 8704K, reserved 1048576K
}
Event: 1053.977 GC heap before
{Heap before GC invocations=1307 (full 4):
 PSYoungGen      total 6144K, used 5664K [0x00000000eab00000, 0x00000000eb380000, 0x0000000100000000)
  eden space 5120K, 100% used [0x00000000eab00000,0x00000000eb000000,0x00000000eb000000)
  from space 1024K, 53% used [0x00000000eb280000,0x00000000eb308020,0x00000000eb380000)
  to   space 1024K, 0% used [0x00000000eb180000,0x00000000eb180000,0x00000000eb280000)
 ParOldGen       total 671232K, used 670778K [0x00000000c0000000, 0x00000000e8f80000, 0x00000000eab00000)
  object space 671232K, 99% used [0x00000000c0000000,0x00000000e8f0e950,0x00000000e8f80000)
 Metaspace       used 79290K, committed 81152K, reserved 1179648K
  class space    used 7816K, committed 8704K, reserved 1048576K
}
Event: 1053.979 GC heap after
{Heap after GC invocations=1307 (full 4):
 PSYoungGen      total 6144K, used 884K [0x00000000eab00000, 0x00000000eb300000, 0x0000000100000000)
  eden space 5120K, 0% used [0x00000000eab00000,0x00000000eab00000,0x00000000eb000000)
  from space 1024K, 86% used [0x00000000eb180000,0x00000000eb25d200,0x00000000eb280000)
  to   space 512K, 0% used [0x00000000eb280000,0x00000000eb280000,0x00000000eb300000)
 ParOldGen       total 671744K, used 671306K [0x00000000c0000000, 0x00000000e9000000, 0x00000000eab00000)
  object space 671744K, 99% used [0x00000000c0000000,0x00000000e8f92990,0x00000000e9000000)
 Metaspace       used 79290K, committed 81152K, reserved 1179648K
  class space    used 7816K, committed 8704K, reserved 1048576K
}
Event: 1054.018 GC heap before
{Heap before GC invocations=1308 (full 4):
 PSYoungGen      total 6144K, used 6004K [0x00000000eab00000, 0x00000000eb300000, 0x0000000100000000)
  eden space 5120K, 100% used [0x00000000eab00000,0x00000000eb000000,0x00000000eb000000)
  from space 1024K, 86% used [0x00000000eb180000,0x00000000eb25d200,0x00000000eb280000)
  to   space 512K, 0% used [0x00000000eb280000,0x00000000eb280000,0x00000000eb300000)
 ParOldGen       total 671744K, used 671306K [0x00000000c0000000, 0x00000000e9000000, 0x00000000eab00000)
  object space 671744K, 99% used [0x00000000c0000000,0x00000000e8f92990,0x00000000e9000000)
 Metaspace       used 79290K, committed 81152K, reserved 1179648K
  class space    used 7816K, committed 8704K, reserved 1048576K
}
Event: 1054.025 GC heap after
{Heap after GC invocations=1308 (full 4):
 PSYoungGen      total 5632K, used 480K [0x00000000eab00000, 0x00000000eb300000, 0x0000000100000000)
  eden space 5120K, 0% used [0x00000000eab00000,0x00000000eab00000,0x00000000eb000000)
  from space 512K, 93% used [0x00000000eb280000,0x00000000eb2f8020,0x00000000eb300000)
  to   space 1536K, 0% used [0x00000000eb000000,0x00000000eb000000,0x00000000eb180000)
 ParOldGen       total 672256K, used 672121K [0x00000000c0000000, 0x00000000e9080000, 0x00000000eab00000)
  object space 672256K, 99% used [0x00000000c0000000,0x00000000e905e580,0x00000000e9080000)
 Metaspace       used 79290K, committed 81152K, reserved 1179648K
  class space    used 7816K, committed 8704K, reserved 1048576K
}
Event: 1060.634 GC heap before
{Heap before GC invocations=1309 (full 4):
 PSYoungGen      total 5632K, used 5600K [0x00000000eab00000, 0x00000000eb300000, 0x0000000100000000)
  eden space 5120K, 100% used [0x00000000eab00000,0x00000000eb000000,0x00000000eb000000)
  from space 512K, 93% used [0x00000000eb280000,0x00000000eb2f8020,0x00000000eb300000)
  to   space 1536K, 0% used [0x00000000eb000000,0x00000000eb000000,0x00000000eb180000)
 ParOldGen       total 672256K, used 672121K [0x00000000c0000000, 0x00000000e9080000, 0x00000000eab00000)
  object space 672256K, 99% used [0x00000000c0000000,0x00000000e905e580,0x00000000e9080000)
 Metaspace       used 79309K, committed 81152K, reserved 1179648K
  class space    used 7816K, committed 8704K, reserved 1048576K
}
Event: 1060.637 GC heap after
{Heap after GC invocations=1309 (full 4):
 PSYoungGen      total 6656K, used 768K [0x00000000eab00000, 0x00000000eb300000, 0x0000000100000000)
  eden space 5120K, 0% used [0x00000000eab00000,0x00000000eab00000,0x00000000eb000000)
  from space 1536K, 50% used [0x00000000eb000000,0x00000000eb0c0000,0x00000000eb180000)
  to   space 1024K, 0% used [0x00000000eb200000,0x00000000eb200000,0x00000000eb300000)
 ParOldGen       total 672768K, used 672625K [0x00000000c0000000, 0x00000000e9100000, 0x00000000eab00000)
  object space 672768K, 99% used [0x00000000c0000000,0x00000000e90dc5c0,0x00000000e9100000)
 Metaspace       used 79309K, committed 81152K, reserved 1179648K
  class space    used 7816K, committed 8704K, reserved 1048576K
}
Event: 1068.147 GC heap before
{Heap before GC invocations=1310 (full 4):
 PSYoungGen      total 6656K, used 5888K [0x00000000eab00000, 0x00000000eb300000, 0x0000000100000000)
  eden space 5120K, 100% used [0x00000000eab00000,0x00000000eb000000,0x00000000eb000000)
  from space 1536K, 50% used [0x00000000eb000000,0x00000000eb0c0000,0x00000000eb180000)
  to   space 1024K, 0% used [0x00000000eb200000,0x00000000eb200000,0x00000000eb300000)
 ParOldGen       total 672768K, used 672625K [0x00000000c0000000, 0x00000000e9100000, 0x00000000eab00000)
  object space 672768K, 99% used [0x00000000c0000000,0x00000000e90dc5c0,0x00000000e9100000)
 Metaspace       used 79312K, committed 81152K, reserved 1179648K
  class space    used 7816K, committed 8704K, reserved 1048576K
}
Event: 1068.150 GC heap after
{Heap after GC invocations=1310 (full 4):
 PSYoungGen      total 5632K, used 192K [0x00000000eab00000, 0x00000000eb280000, 0x0000000100000000)
  eden space 5120K, 0% used [0x00000000eab00000,0x00000000eab00000,0x00000000eb000000)
  from space 512K, 37% used [0x00000000eb200000,0x00000000eb230000,0x00000000eb280000)
  to   space 512K, 0% used [0x00000000eb180000,0x00000000eb180000,0x00000000eb200000)
 ParOldGen       total 673280K, used 673213K [0x00000000c0000000, 0x00000000e9180000, 0x00000000eab00000)
  object space 673280K, 99% used [0x00000000c0000000,0x00000000e916f4b0,0x00000000e9180000)
 Metaspace       used 79312K, committed 81152K, reserved 1179648K
  class space    used 7816K, committed 8704K, reserved 1048576K
}
Event: 1098.473 GC heap before
{Heap before GC invocations=1311 (full 4):
 PSYoungGen      total 5632K, used 5310K [0x00000000eab00000, 0x00000000eb280000, 0x0000000100000000)
  eden space 5120K, 99% used [0x00000000eab00000,0x00000000eafffa00,0x00000000eb000000)
  from space 512K, 37% used [0x00000000eb200000,0x00000000eb230000,0x00000000eb280000)
  to   space 512K, 0% used [0x00000000eb180000,0x00000000eb180000,0x00000000eb200000)
 ParOldGen       total 673280K, used 673213K [0x00000000c0000000, 0x00000000e9180000, 0x00000000eab00000)
  object space 673280K, 99% used [0x00000000c0000000,0x00000000e916f4b0,0x00000000e9180000)
 Metaspace       used 79322K, committed 81152K, reserved 1179648K
  class space    used 7816K, committed 8704K, reserved 1048576K
}
Event: 1098.475 GC heap after
{Heap after GC invocations=1311 (full 4):
 PSYoungGen      total 5632K, used 128K [0x00000000eab00000, 0x00000000eb280000, 0x0000000100000000)
  eden space 5120K, 0% used [0x00000000eab00000,0x00000000eab00000,0x00000000eb000000)
  from space 512K, 25% used [0x00000000eb180000,0x00000000eb1a0000,0x00000000eb200000)
  to   space 512K, 0% used [0x00000000eb200000,0x00000000eb200000,0x00000000eb280000)
 ParOldGen       total 673280K, used 673253K [0x00000000c0000000, 0x00000000e9180000, 0x00000000eab00000)
  object space 673280K, 99% used [0x00000000c0000000,0x00000000e91794b0,0x00000000e9180000)
 Metaspace       used 79322K, committed 81152K, reserved 1179648K
  class space    used 7816K, committed 8704K, reserved 1048576K
}
Event: 1104.709 GC heap before
{Heap before GC invocations=1312 (full 4):
 PSYoungGen      total 5632K, used 5248K [0x00000000eab00000, 0x00000000eb280000, 0x0000000100000000)
  eden space 5120K, 100% used [0x00000000eab00000,0x00000000eb000000,0x00000000eb000000)
  from space 512K, 25% used [0x00000000eb180000,0x00000000eb1a0000,0x00000000eb200000)
  to   space 512K, 0% used [0x00000000eb200000,0x00000000eb200000,0x00000000eb280000)
 ParOldGen       total 673280K, used 673253K [0x00000000c0000000, 0x00000000e9180000, 0x00000000eab00000)
  object space 673280K, 99% used [0x00000000c0000000,0x00000000e91794b0,0x00000000e9180000)
 Metaspace       used 79330K, committed 81152K, reserved 1179648K
  class space    used 7816K, committed 8704K, reserved 1048576K
}
Event: 1104.710 GC heap after
{Heap after GC invocations=1312 (full 4):
 PSYoungGen      total 5632K, used 224K [0x00000000eab00000, 0x00000000eb280000, 0x0000000100000000)
  eden space 5120K, 0% used [0x00000000eab00000,0x00000000eab00000,0x00000000eb000000)
  from space 512K, 43% used [0x00000000eb200000,0x00000000eb238000,0x00000000eb280000)
  to   space 512K, 0% used [0x00000000eb180000,0x00000000eb180000,0x00000000eb200000)
 ParOldGen       total 673280K, used 673277K [0x00000000c0000000, 0x00000000e9180000, 0x00000000eab00000)
  object space 673280K, 99% used [0x00000000c0000000,0x00000000e917f4b0,0x00000000e9180000)
 Metaspace       used 79330K, committed 81152K, reserved 1179648K
  class space    used 7816K, committed 8704K, reserved 1048576K
}
Event: 1110.724 GC heap before
{Heap before GC invocations=1313 (full 4):
 PSYoungGen      total 5632K, used 5344K [0x00000000eab00000, 0x00000000eb280000, 0x0000000100000000)
  eden space 5120K, 100% used [0x00000000eab00000,0x00000000eb000000,0x00000000eb000000)
  from space 512K, 43% used [0x00000000eb200000,0x00000000eb238000,0x00000000eb280000)
  to   space 512K, 0% used [0x00000000eb180000,0x00000000eb180000,0x00000000eb200000)
 ParOldGen       total 673280K, used 673277K [0x00000000c0000000, 0x00000000e9180000, 0x00000000eab00000)
  object space 673280K, 99% used [0x00000000c0000000,0x00000000e917f4b0,0x00000000e9180000)
 Metaspace       used 79331K, committed 81152K, reserved 1179648K
  class space    used 7816K, committed 8704K, reserved 1048576K
}
Event: 1110.725 GC heap after
{Heap after GC invocations=1313 (full 4):
 PSYoungGen      total 5632K, used 160K [0x00000000eab00000, 0x00000000eb280000, 0x0000000100000000)
  eden space 5120K, 0% used [0x00000000eab00000,0x00000000eab00000,0x00000000eb000000)
  from space 512K, 31% used [0x00000000eb180000,0x00000000eb1a8000,0x00000000eb200000)
  to   space 512K, 0% used [0x00000000eb200000,0x00000000eb200000,0x00000000eb280000)
 ParOldGen       total 673792K, used 673285K [0x00000000c0000000, 0x00000000e9200000, 0x00000000eab00000)
  object space 673792K, 99% used [0x00000000c0000000,0x00000000e91814b0,0x00000000e9200000)
 Metaspace       used 79331K, committed 81152K, reserved 1179648K
  class space    used 7816K, committed 8704K, reserved 1048576K
}
Event: 1114.999 GC heap before
{Heap before GC invocations=1314 (full 4):
 PSYoungGen      total 5632K, used 5280K [0x00000000eab00000, 0x00000000eb280000, 0x0000000100000000)
  eden space 5120K, 100% used [0x00000000eab00000,0x00000000eb000000,0x00000000eb000000)
  from space 512K, 31% used [0x00000000eb180000,0x00000000eb1a8000,0x00000000eb200000)
  to   space 512K, 0% used [0x00000000eb200000,0x00000000eb200000,0x00000000eb280000)
 ParOldGen       total 673792K, used 673285K [0x00000000c0000000, 0x00000000e9200000, 0x00000000eab00000)
  object space 673792K, 99% used [0x00000000c0000000,0x00000000e91814b0,0x00000000e9200000)
 Metaspace       used 79341K, committed 81216K, reserved 1179648K
  class space    used 7816K, committed 8704K, reserved 1048576K
}
Event: 1115.000 GC heap after
{Heap after GC invocations=1314 (full 4):
 PSYoungGen      total 5632K, used 192K [0x00000000eab00000, 0x00000000eb280000, 0x0000000100000000)
  eden space 5120K, 0% used [0x00000000eab00000,0x00000000eab00000,0x00000000eb000000)
  from space 512K, 37% used [0x00000000eb200000,0x00000000eb230000,0x00000000eb280000)
  to   space 512K, 0% used [0x00000000eb180000,0x00000000eb180000,0x00000000eb200000)
 ParOldGen       total 673792K, used 673309K [0x00000000c0000000, 0x00000000e9200000, 0x00000000eab00000)
  object space 673792K, 99% used [0x00000000c0000000,0x00000000e91874b0,0x00000000e9200000)
 Metaspace       used 79341K, committed 81216K, reserved 1179648K
  class space    used 7816K, committed 8704K, reserved 1048576K
}
Event: 1121.252 GC heap before
{Heap before GC invocations=1315 (full 4):
 PSYoungGen      total 5632K, used 5312K [0x00000000eab00000, 0x00000000eb280000, 0x0000000100000000)
  eden space 5120K, 100% used [0x00000000eab00000,0x00000000eb000000,0x00000000eb000000)
  from space 512K, 37% used [0x00000000eb200000,0x00000000eb230000,0x00000000eb280000)
  to   space 512K, 0% used [0x00000000eb180000,0x00000000eb180000,0x00000000eb200000)
 ParOldGen       total 673792K, used 673309K [0x00000000c0000000, 0x00000000e9200000, 0x00000000eab00000)
  object space 673792K, 99% used [0x00000000c0000000,0x00000000e91874b0,0x00000000e9200000)
 Metaspace       used 79347K, committed 81216K, reserved 1179648K
  class space    used 7816K, committed 8704K, reserved 1048576K
}
Event: 1121.253 GC heap after
{Heap after GC invocations=1315 (full 4):
 PSYoungGen      total 5632K, used 192K [0x00000000eab00000, 0x00000000eb280000, 0x0000000100000000)
  eden space 5120K, 0% used [0x00000000eab00000,0x00000000eab00000,0x00000000eb000000)
  from space 512K, 37% used [0x00000000eb180000,0x00000000eb1b0000,0x00000000eb200000)
  to   space 512K, 0% used [0x00000000eb200000,0x00000000eb200000,0x00000000eb280000)
 ParOldGen       total 673792K, used 673341K [0x00000000c0000000, 0x00000000e9200000, 0x00000000eab00000)
  object space 673792K, 99% used [0x00000000c0000000,0x00000000e918f4b0,0x00000000e9200000)
 Metaspace       used 79347K, committed 81216K, reserved 1179648K
  class space    used 7816K, committed 8704K, reserved 1048576K
}

